<?xml version="1.0" encoding="UTF-8"?>
<testsuite xmlns:xsi="http://www.w3.org/2001/XMLSchema-instance" xsi:noNamespaceSchemaLocation="https://maven.apache.org/surefire/maven-surefire-plugin/xsd/surefire-test-report.xsd" name="com.anbu.pubsubdemo.PubsubdemoApplicationTests" time="0.524" tests="1" errors="1" skipped="0" failures="0">
  <properties>
[...]
</properties>
  <testcase name="com.anbu.pubsubdemo.PubsubdemoApplicationTests" classname="com.anbu.pubsubdemo.PubsubdemoApplicationTests" time="0.521">
    <error message="Unable to find a @SpringBootConfiguration, you need to use @ContextConfiguration or @SpringBootTest(classes=...) with your test" type="java.lang.IllegalStateException">java.lang.IllegalStateException: Unable to find a @SpringBootConfiguration, you need to use @ContextConfiguration or @SpringBootTest(classes=...) with your test
</error>
    <system-out><![CDATA[17:47:46.730 [main] DEBUG org.springframework.test.context.BootstrapUtils - Instantiating CacheAwareContextLoaderDelegate from class [org.springframework.test.context.cache.DefaultCacheAwareContextLoaderDelegate]
17:47:46.744 [main] DEBUG org.springframework.test.context.BootstrapUtils - Instantiating BootstrapContext using constructor [public org.springframework.test.context.support.DefaultBootstrapContext(java.lang.Class,org.springframework.test.context.CacheAwareContextLoaderDelegate)]
17:47:46.815 [main] DEBUG org.springframework.test.context.BootstrapUtils - Instantiating TestContextBootstrapper for test class [com.anbu.pubsubdemo.PubsubdemoApplicationTests] from class [org.springframework.boot.test.context.SpringBootTestContextBootstrapper]
17:47:46.852 [main] INFO org.springframework.boot.test.context.SpringBootTestContextBootstrapper - Neither @ContextConfiguration nor @ContextHierarchy found for test class [com.anbu.pubsubdemo.PubsubdemoApplicationTests], using SpringBootContextLoader
17:47:46.861 [main] DEBUG org.springframework.test.context.support.AbstractContextLoader - Did not detect default resource location for test class [com.anbu.pubsubdemo.PubsubdemoApplicationTests]: class path resource [com/anbu/pubsubdemo/PubsubdemoApplicationTests-context.xml] does not exist
17:47:46.862 [main] DEBUG org.springframework.test.context.support.AbstractContextLoader - Did not detect default resource location for test class [com.anbu.pubsubdemo.PubsubdemoApplicationTests]: class path resource [com/anbu/pubsubdemo/PubsubdemoApplicationTestsContext.groovy] does not exist
17:47:46.862 [main] INFO org.springframework.test.context.support.AbstractContextLoader - Could not detect default resource locations for test class [com.anbu.pubsubdemo.PubsubdemoApplicationTests]: no resource found for suffixes {-context.xml, Context.groovy}.
17:47:46.863 [main] INFO org.springframework.test.context.support.AnnotationConfigContextLoaderUtils - Could not detect default configuration classes for test class [com.anbu.pubsubdemo.PubsubdemoApplicationTests]: PubsubdemoApplicationTests does not declare any static, non-private, non-final, nested classes annotated with @Configuration.
17:47:46.988 [main] DEBUG org.springframework.test.context.support.ActiveProfilesUtils - Could not find an 'annotation declaring class' for annotation type [org.springframework.test.context.ActiveProfiles] and class [com.anbu.pubsubdemo.PubsubdemoApplicationTests]
]]></system-out>
  </testcase>
</testsuite>